kuggle/build/outputs/logs/manifest-merger-debug-report.txt
-- Merging decision tree log ---
manifest
ADDED from src/main/AndroidManifest.xml:2:1-48:12
	xmlns:android
		ADDED from src/main/AndroidManifest.xml:2:11-69
	package
		ADDED from src/main/AndroidManifest.xml:3:5-35
		INJECTED from src/main/AndroidManifest.xml
		INJECTED from src/main/AndroidManifest.xml
	android:versionName
		ADDED from src/main/AndroidManifest.xml:5:5-30
	android:versionCode
		ADDED from src/main/AndroidManifest.xml:4:5-28
		INJECTED from src/main/AndroidManifest.xml
		INJECTED from src/main/AndroidManifest.xml
uses-sdk
ADDED from src/main/AndroidManifest.xml:7:5-9:41
MERGED from [Kuggle:facebookSDK:unspecified] AndroidManifest.xml:20:5-22:41
MERGED from [com.android.support:support-v4:22.2.1] AndroidManifest.xml:20:5-43
MERGED from [com.android.support:appcompat-v7:21.0.3] AndroidManifest.xml:15:5-42
MERGED from [com.android.support:support-v4:22.2.1] AndroidManifest.xml:20:5-43
	android:targetSdkVersion
		ADDED from src/main/AndroidManifest.xml:9:9-38
		INJECTED from src/main/AndroidManifest.xml
		INJECTED from src/main/AndroidManifest.xml
	android:minSdkVersion
		ADDED from src/main/AndroidManifest.xml:8:9-34
		INJECTED from src/main/AndroidManifest.xml
		INJECTED from src/main/AndroidManifest.xml
uses-permission#android.permission.INTERNET
ADDED from src/main/AndroidManifest.xml:11:2-64
	android:name
		ADDED from src/main/AndroidManifest.xml:11:19-61
uses-permission#android.permission.READ_EXTERNAL_STORAGE
ADDED from src/main/AndroidManifest.xml:12:2-76
	android:name
		ADDED from src/main/AndroidManifest.xml:12:19-74
uses-permission#android.permission.ACCESS_WIFI_STATE
ADDED from src/main/AndroidManifest.xml:13:2-73
	android:name
		ADDED from src/main/AndroidManifest.xml:13:19-70
uses-permission#android.permission.ACCESS_NETWORK_STATE
ADDED from src/main/AndroidManifest.xml:14:2-76
	android:name
		ADDED from src/main/AndroidManifest.xml:14:19-73
application
ADDED from src/main/AndroidManifest.xml:16:5-46:19
MERGED from [Kuggle:facebookSDK:unspecified] AndroidManifest.xml:24:5-20
MERGED from [com.android.support:support-v4:22.2.1] AndroidManifest.xml:22:5-20
MERGED from [com.android.support:appcompat-v7:21.0.3] AndroidManifest.xml:16:5-19
MERGED from [com.android.support:support-v4:22.2.1] AndroidManifest.xml:22:5-20
	android:label
		ADDED from src/main/AndroidManifest.xml:19:9-41
	android:allowBackup
		ADDED from src/main/AndroidManifest.xml:17:9-35
	android:icon
		ADDED from src/main/AndroidManifest.xml:18:9-45
	android:configChanges
		ADDED from src/main/AndroidManifest.xml:20:9-51
	android:theme
		ADDED from src/main/AndroidManifest.xml:22:9-40
	android:largeHeap
		ADDED from src/main/AndroidManifest.xml:21:9-33
activity#com.Example.Activity.SplashActivity
ADDED from src/main/AndroidManifest.xml:23:9-33:20
	android:screenOrientation
		ADDED from src/main/AndroidManifest.xml:28:13-49
	android:label
		ADDED from src/main/AndroidManifest.xml:25:13-45
	android:theme
		ADDED from src/main/AndroidManifest.xml:27:13-66
	android:name
		ADDED from src/main/AndroidManifest.xml:24:13-63
	android:launchMode
		ADDED from src/main/AndroidManifest.xml:26:13-44
intent-filter#android.intent.action.MAIN+android.intent.category.LAUNCHER
ADDED from src/main/AndroidManifest.xml:29:13-32:29
action#android.intent.action.MAIN
ADDED from src/main/AndroidManifest.xml:30:17-69
	android:name
		ADDED from src/main/AndroidManifest.xml:30:25-66
category#android.intent.category.LAUNCHER
ADDED from src/main/AndroidManifest.xml:31:17-77
	android:name
		ADDED from src/main/AndroidManifest.xml:31:27-74
activity#com.Example.Activity.MainActivity
ADDED from src/main/AndroidManifest.xml:35:9-106
	android:screenOrientation
		ADDED from src/main/AndroidManifest.xml:35:68-104
	android:name
		ADDED from src/main/AndroidManifest.xml:35:19-67
activity#com.Example.Activity.LoginPhoneActivity
ADDED from src/main/AndroidManifest.xml:36:9-155
	android:windowSoftInputMode
		ADDED from src/main/AndroidManifest.xml:36:111-153
	android:screenOrientation
		ADDED from src/main/AndroidManifest.xml:36:74-110
	android:name
		ADDED from src/main/AndroidManifest.xml:36:19-73
activity#com.Example.Activity.InviteFriendsActivity
ADDED from src/main/AndroidManifest.xml:37:9-115
	android:screenOrientation
		ADDED from src/main/AndroidManifest.xml:37:77-113
	android:name
		ADDED from src/main/AndroidManifest.xml:37:19-76
activity#com.Example.Activity.MenuActivity
ADDED from src/main/AndroidManifest.xml:38:9-106
	android:screenOrientation
		ADDED from src/main/AndroidManifest.xml:38:68-104
	android:name
		ADDED from src/main/AndroidManifest.xml:38:19-67
activity#com.Ad.youtube.OpenYouTubePlayerActivity
ADDED from src/main/AndroidManifest.xml:39:9-113
	android:screenOrientation
		ADDED from src/main/AndroidManifest.xml:39:75-111
	android:name
		ADDED from src/main/AndroidManifest.xml:39:19-74
activity#com.facebook.LoginActivity
ADDED from src/main/AndroidManifest.xml:41:9-43:54
	android:label
		ADDED from src/main/AndroidManifest.xml:43:19-51
	android:theme
		ADDED from src/main/AndroidManifest.xml:42:19-78
	android:name
		ADDED from src/main/AndroidManifest.xml:41:19-60
meta-data#com.facebook.sdk.ApplicationId
ADDED from src/main/AndroidManifest.xml:44:9-98
	android:name
		ADDED from src/main/AndroidManifest.xml:44:20-65
	android:value
		ADDED from src/main/AndroidManifest.xml:44:66-96